<?xml version="1.0" encoding="UTF-8"?>
<testng-results ignored="0" total="1" passed="1" failed="0" skipped="0">
  <reporter-output>
  </reporter-output>
  <suite started-at="2023-08-04T10:50:35 IST" name="Default suite" finished-at="2023-08-04T10:52:07 IST" duration-ms="92119">
    <groups>
    </groups>
    <test started-at="2023-08-04T10:50:35 IST" name="Default test" finished-at="2023-08-04T10:52:07 IST" duration-ms="92119">
      <class name="demoWebShop.DemoWorkshop">
        <test-method signature="MainProcess()[pri:0, instance:demoWebShop.DemoWorkshop@38c6f217]" started-at="2023-08-04T10:50:35 IST" name="MainProcess" finished-at="2023-08-04T10:52:07 IST" duration-ms="92074" status="PASS">
          <reporter-output>
          </reporter-output>
        </test-method> <!-- MainProcess -->
      </class> <!-- demoWebShop.DemoWorkshop -->
    </test> <!-- Default test -->
  </suite> <!-- Default suite -->
</testng-results>
